<?xml version="1.0" encoding="UTF-8"?>
<coverage generated="1629884147588" clover="3.2.0">
  <project timestamp="1629884147588" name="All files">
    <metrics statements="88" coveredstatements="80" conditionals="44" coveredconditionals="35" methods="19" coveredmethods="19" elements="151" coveredelements="134" complexity="0" loc="88" ncloc="88" packages="1" files="2" classes="2"/>
    <file name="Folder.js" path="C:\Users\Bryan Rodriguez\projects\BCC_EPAM\src\Folder.js">
      <metrics statements="70" coveredstatements="63" conditionals="42" coveredconditionals="34" methods="9" coveredmethods="9"/>
      <line num="1" count="2" type="stmt"/>
      <line num="5" count="39" type="stmt"/>
      <line num="8" count="39" type="stmt"/>
      <line num="11" count="39" type="cond" truecount="2" falsecount="0"/>
      <line num="12" count="39" type="cond" truecount="2" falsecount="0"/>
      <line num="20" count="31" type="stmt"/>
      <line num="22" count="31" type="stmt"/>
      <line num="24" count="31" type="stmt"/>
      <line num="25" count="31" type="stmt"/>
      <line num="27" count="31" type="cond" truecount="1" falsecount="1"/>
      <line num="28" count="31" type="stmt"/>
      <line num="29" count="31" type="cond" truecount="1" falsecount="1"/>
      <line num="30" count="31" type="stmt"/>
      <line num="34" count="31" type="stmt"/>
      <line num="37" count="0" type="stmt"/>
      <line num="48" count="56" type="cond" truecount="2" falsecount="0"/>
      <line num="49" count="22" type="stmt"/>
      <line num="52" count="34" type="stmt"/>
      <line num="53" count="34" type="stmt"/>
      <line num="54" count="34" type="stmt"/>
      <line num="55" count="12" type="cond" truecount="1" falsecount="1"/>
      <line num="56" count="12" type="stmt"/>
      <line num="57" count="12" type="stmt"/>
      <line num="59" count="0" type="stmt"/>
      <line num="63" count="34" type="cond" truecount="4" falsecount="0"/>
      <line num="64" count="32" type="stmt"/>
      <line num="66" count="2" type="stmt"/>
      <line num="71" count="52" type="cond" truecount="2" falsecount="0"/>
      <line num="72" count="22" type="stmt"/>
      <line num="74" count="30" type="stmt"/>
      <line num="75" count="30" type="cond" truecount="2" falsecount="0"/>
      <line num="76" count="30" type="stmt"/>
      <line num="77" count="10" type="cond" truecount="1" falsecount="1"/>
      <line num="78" count="10" type="stmt"/>
      <line num="79" count="10" type="stmt"/>
      <line num="81" count="0" type="stmt"/>
      <line num="85" count="30" type="cond" truecount="1" falsecount="1"/>
      <line num="86" count="0" type="stmt"/>
      <line num="87" count="30" type="cond" truecount="1" falsecount="1"/>
      <line num="91" count="30" type="stmt"/>
      <line num="93" count="0" type="stmt"/>
      <line num="103" count="6" type="cond" truecount="1" falsecount="1"/>
      <line num="104" count="0" type="stmt"/>
      <line num="105" count="6" type="cond" truecount="1" falsecount="1"/>
      <line num="106" count="0" type="stmt"/>
      <line num="110" count="6" type="stmt"/>
      <line num="111" count="6" type="stmt"/>
      <line num="112" count="6" type="stmt"/>
      <line num="113" count="6" type="stmt"/>
      <line num="114" count="6" type="stmt"/>
      <line num="122" count="9" type="stmt"/>
      <line num="124" count="9" type="stmt"/>
      <line num="126" count="9" type="stmt"/>
      <line num="130" count="28" type="cond" truecount="2" falsecount="0"/>
      <line num="131" count="28" type="stmt"/>
      <line num="132" count="41" type="stmt"/>
      <line num="136" count="41" type="cond" truecount="2" falsecount="0"/>
      <line num="137" count="19" type="stmt"/>
      <line num="139" count="41" type="cond" truecount="2" falsecount="0"/>
      <line num="148" count="10" type="stmt"/>
      <line num="149" count="10" type="stmt"/>
      <line num="151" count="10" type="stmt"/>
      <line num="152" count="10" type="stmt"/>
      <line num="153" count="10" type="cond" truecount="2" falsecount="0"/>
      <line num="154" count="9" type="stmt"/>
      <line num="155" count="9" type="cond" truecount="2" falsecount="0"/>
      <line num="156" count="8" type="stmt"/>
      <line num="157" count="8" type="stmt"/>
      <line num="159" count="1" type="stmt"/>
      <line num="162" count="1" type="stmt"/>
    </file>
    <file name="FolderRunner.js" path="C:\Users\Bryan Rodriguez\projects\BCC_EPAM\src\FolderRunner.js">
      <metrics statements="18" coveredstatements="17" conditionals="2" coveredconditionals="1" methods="10" coveredmethods="10"/>
      <line num="7" count="1" type="stmt"/>
      <line num="17" count="1" type="stmt"/>
      <line num="19" count="17" type="stmt"/>
      <line num="21" count="16" type="stmt"/>
      <line num="24" count="1" type="stmt"/>
      <line num="25" count="16" type="stmt"/>
      <line num="26" count="16" type="stmt"/>
      <line num="27" count="16" type="stmt"/>
      <line num="28" count="16" type="stmt"/>
      <line num="30" count="0" type="stmt"/>
      <line num="36" count="16" type="stmt"/>
      <line num="37" count="7" type="stmt"/>
      <line num="38" count="3" type="stmt"/>
      <line num="39" count="4" type="stmt"/>
      <line num="40" count="2" type="stmt"/>
      <line num="43" count="16" type="stmt"/>
      <line num="44" count="16" type="cond" truecount="1" falsecount="1"/>
      <line num="45" count="16" type="stmt"/>
    </file>
  </project>
</coverage>
