{"C:\\Users\\Bryan Rodriguez\\projects\\BCC_EPAM\\src\\Folder.js": {"path":"C:\\Users\\Bryan Rodriguez\\projects\\BCC_EPAM\\src\\Folder.js","statementMap":{"0":{"start":{"line":1,"column":17},"end":{"line":1,"column":23}},"1":{"start":{"line":5,"column":13},"end":{"line":5,"column":22}},"2":{"start":{"line":8,"column":20},"end":{"line":8,"column":22}},"3":{"start":{"line":11,"column":4},"end":{"line":11,"column":31}},"4":{"start":{"line":12,"column":4},"end":{"line":12,"column":33}},"5":{"start":{"line":20,"column":22},"end":{"line":20,"column":37}},"6":{"start":{"line":22,"column":24},"end":{"line":22,"column":28}},"7":{"start":{"line":24,"column":25},"end":{"line":24,"column":42}},"8":{"start":{"line":25,"column":23},"end":{"line":25,"column":44}},"9":{"start":{"line":27,"column":4},"end":{"line":36,"column":5}},"10":{"start":{"line":28,"column":6},"end":{"line":28,"column":45}},"11":{"start":{"line":29,"column":6},"end":{"line":35,"column":7}},"12":{"start":{"line":30,"column":8},"end":{"line":33,"column":10}},"13":{"start":{"line":34,"column":8},"end":{"line":34,"column":32}},"14":{"start":{"line":37,"column":4},"end":{"line":37,"column":52}},"15":{"start":{"line":48,"column":4},"end":{"line":50,"column":5}},"16":{"start":{"line":49,"column":6},"end":{"line":49,"column":18}},"17":{"start":{"line":52,"column":19},"end":{"line":52,"column":34}},"18":{"start":{"line":53,"column":24},"end":{"line":53,"column":28}},"19":{"start":{"line":54,"column":4},"end":{"line":61,"column":5}},"20":{"start":{"line":55,"column":6},"end":{"line":60,"column":7}},"21":{"start":{"line":56,"column":8},"end":{"line":56,"column":64}},"22":{"start":{"line":57,"column":8},"end":{"line":57,"column":25}},"23":{"start":{"line":59,"column":8},"end":{"line":59,"column":21}},"24":{"start":{"line":63,"column":4},"end":{"line":67,"column":5}},"25":{"start":{"line":64,"column":6},"end":{"line":64,"column":18}},"26":{"start":{"line":66,"column":6},"end":{"line":66,"column":19}},"27":{"start":{"line":71,"column":4},"end":{"line":73,"column":5}},"28":{"start":{"line":72,"column":6},"end":{"line":72,"column":18}},"29":{"start":{"line":74,"column":22},"end":{"line":74,"column":37}},"30":{"start":{"line":75,"column":24},"end":{"line":75,"column":45}},"31":{"start":{"line":76,"column":4},"end":{"line":83,"column":5}},"32":{"start":{"line":77,"column":6},"end":{"line":82,"column":7}},"33":{"start":{"line":78,"column":8},"end":{"line":78,"column":67}},"34":{"start":{"line":79,"column":8},"end":{"line":79,"column":28}},"35":{"start":{"line":81,"column":8},"end":{"line":81,"column":43}},"36":{"start":{"line":85,"column":4},"end":{"line":94,"column":5}},"37":{"start":{"line":86,"column":6},"end":{"line":86,"column":27}},"38":{"start":{"line":87,"column":11},"end":{"line":94,"column":5}},"39":{"start":{"line":91,"column":6},"end":{"line":91,"column":56}},"40":{"start":{"line":93,"column":6},"end":{"line":93,"column":41}},"41":{"start":{"line":103,"column":4},"end":{"line":104,"column":77}},"42":{"start":{"line":104,"column":6},"end":{"line":104,"column":77}},"43":{"start":{"line":105,"column":4},"end":{"line":108,"column":8}},"44":{"start":{"line":106,"column":6},"end":{"line":108,"column":8}},"45":{"start":{"line":110,"column":23},"end":{"line":110,"column":37}},"46":{"start":{"line":111,"column":28},"end":{"line":111,"column":49}},"47":{"start":{"line":112,"column":4},"end":{"line":112,"column":22}},"48":{"start":{"line":113,"column":4},"end":{"line":113,"column":68}},"49":{"start":{"line":114,"column":4},"end":{"line":114,"column":41}},"50":{"start":{"line":122,"column":4},"end":{"line":122,"column":32}},"51":{"start":{"line":124,"column":4},"end":{"line":124,"column":38}},"52":{"start":{"line":126,"column":4},"end":{"line":126,"column":30}},"53":{"start":{"line":130,"column":4},"end":{"line":130,"column":33}},"54":{"start":{"line":131,"column":4},"end":{"line":140,"column":7}},"55":{"start":{"line":132,"column":6},"end":{"line":135,"column":8}},"56":{"start":{"line":136,"column":6},"end":{"line":138,"column":7}},"57":{"start":{"line":137,"column":8},"end":{"line":137,"column":60}},"58":{"start":{"line":139,"column":6},"end":{"line":139,"column":45}},"59":{"start":{"line":139,"column":38},"end":{"line":139,"column":45}},"60":{"start":{"line":148,"column":22},"end":{"line":148,"column":37}},"61":{"start":{"line":149,"column":24},"end":{"line":149,"column":28}},"62":{"start":{"line":151,"column":25},"end":{"line":151,"column":42}},"63":{"start":{"line":152,"column":23},"end":{"line":152,"column":44}},"64":{"start":{"line":153,"column":4},"end":{"line":163,"column":5}},"65":{"start":{"line":154,"column":6},"end":{"line":154,"column":45}},"66":{"start":{"line":155,"column":6},"end":{"line":160,"column":7}},"67":{"start":{"line":156,"column":8},"end":{"line":156,"column":54}},"68":{"start":{"line":157,"column":8},"end":{"line":157,"column":32}},"69":{"start":{"line":159,"column":8},"end":{"line":159,"column":90}},"70":{"start":{"line":162,"column":6},"end":{"line":162,"column":88}}},"fnMap":{"0":{"name":"(anonymous_0)","decl":{"start":{"line":10,"column":2},"end":{"line":10,"column":3}},"loc":{"start":{"line":10,"column":28},"end":{"line":13,"column":3}},"line":10},"1":{"name":"(anonymous_1)","decl":{"start":{"line":19,"column":2},"end":{"line":19,"column":3}},"loc":{"start":{"line":19,"column":15},"end":{"line":38,"column":3}},"line":19},"2":{"name":"(anonymous_2)","decl":{"start":{"line":47,"column":2},"end":{"line":47,"column":3}},"loc":{"start":{"line":47,"column":15},"end":{"line":68,"column":3}},"line":47},"3":{"name":"(anonymous_3)","decl":{"start":{"line":70,"column":2},"end":{"line":70,"column":3}},"loc":{"start":{"line":70,"column":12},"end":{"line":95,"column":3}},"line":70},"4":{"name":"(anonymous_4)","decl":{"start":{"line":102,"column":2},"end":{"line":102,"column":3}},"loc":{"start":{"line":102,"column":26},"end":{"line":115,"column":3}},"line":102},"5":{"name":"(anonymous_5)","decl":{"start":{"line":121,"column":2},"end":{"line":121,"column":3}},"loc":{"start":{"line":121,"column":9},"end":{"line":127,"column":3}},"line":121},"6":{"name":"(anonymous_6)","decl":{"start":{"line":129,"column":2},"end":{"line":129,"column":3}},"loc":{"start":{"line":129,"column":38},"end":{"line":141,"column":3}},"line":129},"7":{"name":"(anonymous_7)","decl":{"start":{"line":131,"column":21},"end":{"line":131,"column":22}},"loc":{"start":{"line":131,"column":33},"end":{"line":140,"column":5}},"line":131},"8":{"name":"(anonymous_8)","decl":{"start":{"line":147,"column":2},"end":{"line":147,"column":3}},"loc":{"start":{"line":147,"column":15},"end":{"line":164,"column":3}},"line":147}},"branchMap":{"0":{"loc":{"start":{"line":11,"column":18},"end":{"line":11,"column":30}},"type":"binary-expr","locations":[{"start":{"line":11,"column":18},"end":{"line":11,"column":24}},{"start":{"line":11,"column":28},"end":{"line":11,"column":30}}],"line":11},"1":{"loc":{"start":{"line":12,"column":16},"end":{"line":12,"column":32}},"type":"binary-expr","locations":[{"start":{"line":12,"column":16},"end":{"line":12,"column":20}},{"start":{"line":12,"column":24},"end":{"line":12,"column":32}}],"line":12},"2":{"loc":{"start":{"line":27,"column":4},"end":{"line":36,"column":5}},"type":"if","locations":[{"start":{"line":27,"column":4},"end":{"line":36,"column":5}},{"start":{"line":27,"column":4},"end":{"line":36,"column":5}}],"line":27},"3":{"loc":{"start":{"line":29,"column":6},"end":{"line":35,"column":7}},"type":"if","locations":[{"start":{"line":29,"column":6},"end":{"line":35,"column":7}},{"start":{"line":29,"column":6},"end":{"line":35,"column":7}}],"line":29},"4":{"loc":{"start":{"line":48,"column":4},"end":{"line":50,"column":5}},"type":"if","locations":[{"start":{"line":48,"column":4},"end":{"line":50,"column":5}},{"start":{"line":48,"column":4},"end":{"line":50,"column":5}}],"line":48},"5":{"loc":{"start":{"line":55,"column":6},"end":{"line":60,"column":7}},"type":"if","locations":[{"start":{"line":55,"column":6},"end":{"line":60,"column":7}},{"start":{"line":55,"column":6},"end":{"line":60,"column":7}}],"line":55},"6":{"loc":{"start":{"line":63,"column":4},"end":{"line":67,"column":5}},"type":"if","locations":[{"start":{"line":63,"column":4},"end":{"line":67,"column":5}},{"start":{"line":63,"column":4},"end":{"line":67,"column":5}}],"line":63},"7":{"loc":{"start":{"line":63,"column":8},"end":{"line":63,"column":72}},"type":"binary-expr","locations":[{"start":{"line":63,"column":8},"end":{"line":63,"column":29}},{"start":{"line":63,"column":33},"end":{"line":63,"column":72}}],"line":63},"8":{"loc":{"start":{"line":71,"column":4},"end":{"line":73,"column":5}},"type":"if","locations":[{"start":{"line":71,"column":4},"end":{"line":73,"column":5}},{"start":{"line":71,"column":4},"end":{"line":73,"column":5}}],"line":71},"9":{"loc":{"start":{"line":75,"column":24},"end":{"line":75,"column":45}},"type":"binary-expr","locations":[{"start":{"line":75,"column":24},"end":{"line":75,"column":37}},{"start":{"line":75,"column":41},"end":{"line":75,"column":45}}],"line":75},"10":{"loc":{"start":{"line":77,"column":6},"end":{"line":82,"column":7}},"type":"if","locations":[{"start":{"line":77,"column":6},"end":{"line":82,"column":7}},{"start":{"line":77,"column":6},"end":{"line":82,"column":7}}],"line":77},"11":{"loc":{"start":{"line":85,"column":4},"end":{"line":94,"column":5}},"type":"if","locations":[{"start":{"line":85,"column":4},"end":{"line":94,"column":5}},{"start":{"line":85,"column":4},"end":{"line":94,"column":5}}],"line":85},"12":{"loc":{"start":{"line":87,"column":11},"end":{"line":94,"column":5}},"type":"if","locations":[{"start":{"line":87,"column":11},"end":{"line":94,"column":5}},{"start":{"line":87,"column":11},"end":{"line":94,"column":5}}],"line":87},"13":{"loc":{"start":{"line":88,"column":6},"end":{"line":89,"column":48}},"type":"binary-expr","locations":[{"start":{"line":88,"column":6},"end":{"line":88,"column":30}},{"start":{"line":89,"column":6},"end":{"line":89,"column":48}}],"line":88},"14":{"loc":{"start":{"line":103,"column":4},"end":{"line":104,"column":77}},"type":"if","locations":[{"start":{"line":103,"column":4},"end":{"line":104,"column":77}},{"start":{"line":103,"column":4},"end":{"line":104,"column":77}}],"line":103},"15":{"loc":{"start":{"line":105,"column":4},"end":{"line":108,"column":8}},"type":"if","locations":[{"start":{"line":105,"column":4},"end":{"line":108,"column":8}},{"start":{"line":105,"column":4},"end":{"line":108,"column":8}}],"line":105},"16":{"loc":{"start":{"line":130,"column":17},"end":{"line":130,"column":32}},"type":"binary-expr","locations":[{"start":{"line":130,"column":17},"end":{"line":130,"column":27}},{"start":{"line":130,"column":31},"end":{"line":130,"column":32}}],"line":130},"17":{"loc":{"start":{"line":136,"column":6},"end":{"line":138,"column":7}},"type":"if","locations":[{"start":{"line":136,"column":6},"end":{"line":138,"column":7}},{"start":{"line":136,"column":6},"end":{"line":138,"column":7}}],"line":136},"18":{"loc":{"start":{"line":139,"column":6},"end":{"line":139,"column":45}},"type":"if","locations":[{"start":{"line":139,"column":6},"end":{"line":139,"column":45}},{"start":{"line":139,"column":6},"end":{"line":139,"column":45}}],"line":139},"19":{"loc":{"start":{"line":153,"column":4},"end":{"line":163,"column":5}},"type":"if","locations":[{"start":{"line":153,"column":4},"end":{"line":163,"column":5}},{"start":{"line":153,"column":4},"end":{"line":163,"column":5}}],"line":153},"20":{"loc":{"start":{"line":155,"column":6},"end":{"line":160,"column":7}},"type":"if","locations":[{"start":{"line":155,"column":6},"end":{"line":160,"column":7}},{"start":{"line":155,"column":6},"end":{"line":160,"column":7}}],"line":155}},"s":{"0":2,"1":39,"2":39,"3":39,"4":39,"5":31,"6":31,"7":31,"8":31,"9":31,"10":31,"11":31,"12":31,"13":31,"14":0,"15":56,"16":22,"17":34,"18":34,"19":34,"20":12,"21":12,"22":12,"23":0,"24":34,"25":32,"26":2,"27":52,"28":22,"29":30,"30":30,"31":30,"32":10,"33":10,"34":10,"35":0,"36":30,"37":0,"38":30,"39":30,"40":0,"41":6,"42":0,"43":6,"44":0,"45":6,"46":6,"47":6,"48":6,"49":6,"50":9,"51":9,"52":9,"53":28,"54":28,"55":41,"56":41,"57":19,"58":41,"59":22,"60":10,"61":10,"62":10,"63":10,"64":10,"65":9,"66":9,"67":8,"68":8,"69":1,"70":1},"f":{"0":39,"1":31,"2":56,"3":52,"4":6,"5":9,"6":28,"7":41,"8":10},"b":{"0":[39,8],"1":[39,8],"2":[31,0],"3":[31,0],"4":[22,34],"5":[12,0],"6":[32,2],"7":[34,34],"8":[22,30],"9":[30,30],"10":[10,0],"11":[0,30],"12":[30,0],"13":[30,30],"14":[0,6],"15":[0,6],"16":[28,9],"17":[19,22],"18":[22,19],"19":[9,1],"20":[8,1]},"_coverageSchema":"1a1c01bbd47fc00a2c39e90264f33305004495a9","hash":"34e6c2b0cf106be049d3c86bfbe846bfa728ecf5"}
,"C:\\Users\\Bryan Rodriguez\\projects\\BCC_EPAM\\src\\FolderRunner.js": {"path":"C:\\Users\\Bryan Rodriguez\\projects\\BCC_EPAM\\src\\FolderRunner.js","statementMap":{"0":{"start":{"line":7,"column":4},"end":{"line":7,"column":31}},"1":{"start":{"line":17,"column":17},"end":{"line":22,"column":8}},"2":{"start":{"line":19,"column":21},"end":{"line":19,"column":29}},"3":{"start":{"line":21,"column":8},"end":{"line":21,"column":31}},"4":{"start":{"line":24,"column":4},"end":{"line":32,"column":11}},"5":{"start":{"line":25,"column":6},"end":{"line":31,"column":7}},"6":{"start":{"line":26,"column":17},"end":{"line":26,"column":54}},"7":{"start":{"line":27,"column":8},"end":{"line":27,"column":58}},"8":{"start":{"line":28,"column":8},"end":{"line":28,"column":20}},"9":{"start":{"line":30,"column":8},"end":{"line":30,"column":23}},"10":{"start":{"line":36,"column":22},"end":{"line":41,"column":5}},"11":{"start":{"line":37,"column":26},"end":{"line":37,"column":52}},"12":{"start":{"line":38,"column":27},"end":{"line":38,"column":54}},"13":{"start":{"line":39,"column":27},"end":{"line":39,"column":54}},"14":{"start":{"line":40,"column":26},"end":{"line":40,"column":52}},"15":{"start":{"line":43,"column":15},"end":{"line":43,"column":33}},"16":{"start":{"line":44,"column":4},"end":{"line":44,"column":61}},"17":{"start":{"line":44,"column":13},"end":{"line":44,"column":61}},"18":{"start":{"line":45,"column":4},"end":{"line":45,"column":14}}},"fnMap":{"0":{"name":"(anonymous_0)","decl":{"start":{"line":6,"column":2},"end":{"line":6,"column":3}},"loc":{"start":{"line":6,"column":16},"end":{"line":8,"column":3}},"line":6},"1":{"name":"(anonymous_1)","decl":{"start":{"line":16,"column":2},"end":{"line":16,"column":3}},"loc":{"start":{"line":16,"column":18},"end":{"line":33,"column":3}},"line":16},"2":{"name":"(anonymous_2)","decl":{"start":{"line":19,"column":14},"end":{"line":19,"column":15}},"loc":{"start":{"line":19,"column":21},"end":{"line":19,"column":29}},"line":19},"3":{"name":"(anonymous_3)","decl":{"start":{"line":20,"column":11},"end":{"line":20,"column":12}},"loc":{"start":{"line":20,"column":21},"end":{"line":22,"column":7}},"line":20},"4":{"name":"(anonymous_4)","decl":{"start":{"line":24,"column":25},"end":{"line":24,"column":26}},"loc":{"start":{"line":24,"column":44},"end":{"line":32,"column":5}},"line":24},"5":{"name":"(anonymous_5)","decl":{"start":{"line":35,"column":2},"end":{"line":35,"column":3}},"loc":{"start":{"line":35,"column":27},"end":{"line":46,"column":3}},"line":35},"6":{"name":"(anonymous_6)","decl":{"start":{"line":37,"column":14},"end":{"line":37,"column":15}},"loc":{"start":{"line":37,"column":26},"end":{"line":37,"column":52}},"line":37},"7":{"name":"(anonymous_7)","decl":{"start":{"line":38,"column":12},"end":{"line":38,"column":13}},"loc":{"start":{"line":38,"column":27},"end":{"line":38,"column":54}},"line":38},"8":{"name":"(anonymous_8)","decl":{"start":{"line":39,"column":12},"end":{"line":39,"column":13}},"loc":{"start":{"line":39,"column":27},"end":{"line":39,"column":54}},"line":39},"9":{"name":"(anonymous_9)","decl":{"start":{"line":40,"column":14},"end":{"line":40,"column":15}},"loc":{"start":{"line":40,"column":26},"end":{"line":40,"column":52}},"line":40}},"branchMap":{"0":{"loc":{"start":{"line":44,"column":4},"end":{"line":44,"column":61}},"type":"if","locations":[{"start":{"line":44,"column":4},"end":{"line":44,"column":61}},{"start":{"line":44,"column":4},"end":{"line":44,"column":61}}],"line":44}},"s":{"0":1,"1":1,"2":17,"3":16,"4":1,"5":16,"6":16,"7":16,"8":16,"9":0,"10":16,"11":7,"12":3,"13":4,"14":2,"15":16,"16":16,"17":0,"18":16},"f":{"0":1,"1":1,"2":17,"3":16,"4":16,"5":16,"6":7,"7":3,"8":4,"9":2},"b":{"0":[0,16]},"_coverageSchema":"1a1c01bbd47fc00a2c39e90264f33305004495a9","hash":"810d9771939b081f9c844fd8cb990247c20aa5bc"}
}
