TN:
SF:src\Folder.js
FN:10,(anonymous_0)
FN:19,(anonymous_1)
FN:47,(anonymous_2)
FN:70,(anonymous_3)
FN:102,(anonymous_4)
FN:121,(anonymous_5)
FN:129,(anonymous_6)
FN:131,(anonymous_7)
FN:147,(anonymous_8)
FNF:9
FNH:9
FNDA:39,(anonymous_0)
FNDA:31,(anonymous_1)
FNDA:56,(anonymous_2)
FNDA:52,(anonymous_3)
FNDA:6,(anonymous_4)
FNDA:9,(anonymous_5)
FNDA:28,(anonymous_6)
FNDA:41,(anonymous_7)
FNDA:10,(anonymous_8)
DA:1,2
DA:5,39
DA:8,39
DA:11,39
DA:12,39
DA:20,31
DA:22,31
DA:24,31
DA:25,31
DA:27,31
DA:28,31
DA:29,31
DA:30,31
DA:34,31
DA:37,0
DA:48,56
DA:49,22
DA:52,34
DA:53,34
DA:54,34
DA:55,12
DA:56,12
DA:57,12
DA:59,0
DA:63,34
DA:64,32
DA:66,2
DA:71,52
DA:72,22
DA:74,30
DA:75,30
DA:76,30
DA:77,10
DA:78,10
DA:79,10
DA:81,0
DA:85,30
DA:86,0
DA:87,30
DA:91,30
DA:93,0
DA:103,6
DA:104,0
DA:105,6
DA:106,0
DA:110,6
DA:111,6
DA:112,6
DA:113,6
DA:114,6
DA:122,9
DA:124,9
DA:126,9
DA:130,28
DA:131,28
DA:132,41
DA:136,41
DA:137,19
DA:139,41
DA:148,10
DA:149,10
DA:151,10
DA:152,10
DA:153,10
DA:154,9
DA:155,9
DA:156,8
DA:157,8
DA:159,1
DA:162,1
LF:70
LH:63
BRDA:11,0,0,39
BRDA:11,0,1,8
BRDA:12,1,0,39
BRDA:12,1,1,8
BRDA:27,2,0,31
BRDA:27,2,1,0
BRDA:29,3,0,31
BRDA:29,3,1,0
BRDA:48,4,0,22
BRDA:48,4,1,34
BRDA:55,5,0,12
BRDA:55,5,1,0
BRDA:63,6,0,32
BRDA:63,6,1,2
BRDA:63,7,0,34
BRDA:63,7,1,34
BRDA:71,8,0,22
BRDA:71,8,1,30
BRDA:75,9,0,30
BRDA:75,9,1,30
BRDA:77,10,0,10
BRDA:77,10,1,0
BRDA:85,11,0,0
BRDA:85,11,1,30
BRDA:87,12,0,30
BRDA:87,12,1,0
BRDA:88,13,0,30
BRDA:88,13,1,30
BRDA:103,14,0,0
BRDA:103,14,1,6
BRDA:105,15,0,0
BRDA:105,15,1,6
BRDA:130,16,0,28
BRDA:130,16,1,9
BRDA:136,17,0,19
BRDA:136,17,1,22
BRDA:139,18,0,22
BRDA:139,18,1,19
BRDA:153,19,0,9
BRDA:153,19,1,1
BRDA:155,20,0,8
BRDA:155,20,1,1
BRF:42
BRH:34
end_of_record
TN:
SF:src\FolderRunner.js
FN:6,(anonymous_0)
FN:16,(anonymous_1)
FN:19,(anonymous_2)
FN:20,(anonymous_3)
FN:24,(anonymous_4)
FN:35,(anonymous_5)
FN:37,(anonymous_6)
FN:38,(anonymous_7)
FN:39,(anonymous_8)
FN:40,(anonymous_9)
FNF:10
FNH:10
FNDA:1,(anonymous_0)
FNDA:1,(anonymous_1)
FNDA:17,(anonymous_2)
FNDA:16,(anonymous_3)
FNDA:16,(anonymous_4)
FNDA:16,(anonymous_5)
FNDA:7,(anonymous_6)
FNDA:3,(anonymous_7)
FNDA:4,(anonymous_8)
FNDA:2,(anonymous_9)
DA:7,1
DA:17,1
DA:19,17
DA:21,16
DA:24,1
DA:25,16
DA:26,16
DA:27,16
DA:28,16
DA:30,0
DA:36,16
DA:37,7
DA:38,3
DA:39,4
DA:40,2
DA:43,16
DA:44,16
DA:45,16
LF:18
LH:17
BRDA:44,0,0,0
BRDA:44,0,1,16
BRF:2
BRH:1
end_of_record
